c:\users\pedro\desktop\engine\day19\cal3d\release\cal3d.pdb
c:\users\pedro\desktop\engine\day19\cal3d\release\hardwaremodel.obj
c:\users\pedro\desktop\engine\day19\cal3d\release\global.obj
c:\users\pedro\desktop\engine\day19\cal3d\release\error.obj
c:\users\pedro\desktop\engine\day19\cal3d\release\coretrack.obj
c:\users\pedro\desktop\engine\day19\cal3d\release\coresubmorphtarget.obj
c:\users\pedro\desktop\engine\day19\cal3d\release\coresubmesh.obj
c:\users\pedro\desktop\engine\day19\cal3d\release\coreskeleton.obj
c:\users\pedro\desktop\engine\day19\cal3d\release\coremorphanimation.obj
c:\users\pedro\desktop\engine\day19\cal3d\release\coremodel.obj
c:\users\pedro\desktop\engine\day19\cal3d\release\coremesh.obj
c:\users\pedro\desktop\engine\day19\cal3d\release\corematerial.obj
c:\users\pedro\desktop\engine\day19\cal3d\release\corekeyframe.obj
c:\users\pedro\desktop\engine\day19\cal3d\release\corebone.obj
c:\users\pedro\desktop\engine\day19\cal3d\release\coreanimation.obj
c:\users\pedro\desktop\engine\day19\cal3d\release\cal3d_wrapper.obj
c:\users\pedro\desktop\engine\day19\cal3d\release\buffersource.obj
c:\users\pedro\desktop\engine\day19\cal3d\release\bone.obj
c:\users\pedro\desktop\engine\day19\cal3d\release\animation_cycle.obj
c:\users\pedro\desktop\engine\day19\cal3d\release\animation_action.obj
c:\users\pedro\desktop\engine\day19\cal3d\release\animation.obj
c:\users\pedro\desktop\engine\day19\cal3d\release\vector.obj
c:\users\pedro\desktop\engine\day19\cal3d\release\tinyxmlparser.obj
c:\users\pedro\desktop\engine\day19\cal3d\release\tinyxmlerror.obj
c:\users\pedro\desktop\engine\day19\cal3d\release\tinyxml.obj
c:\users\pedro\desktop\engine\day19\cal3d\release\submesh.obj
c:\users\pedro\desktop\engine\day19\cal3d\release\streamsource.obj
c:\users\pedro\desktop\engine\day19\cal3d\release\springsystem.obj
c:\users\pedro\desktop\engine\day19\cal3d\release\skeleton.obj
c:\users\pedro\desktop\engine\day19\cal3d\release\saver.obj
c:\users\pedro\desktop\engine\day19\cal3d\release\renderer.obj
c:\users\pedro\desktop\engine\day19\cal3d\release\quaternion.obj
c:\users\pedro\desktop\engine\day19\cal3d\release\platform.obj
c:\users\pedro\desktop\engine\day19\cal3d\release\physique.obj
c:\users\pedro\desktop\engine\day19\cal3d\release\morphtargetmixer.obj
c:\users\pedro\desktop\engine\day19\cal3d\release\model.obj
c:\users\pedro\desktop\engine\day19\cal3d\release\mixer.obj
c:\users\pedro\desktop\engine\day19\cal3d\release\mesh.obj
c:\users\pedro\desktop\engine\day19\cal3d\release\matrix.obj
c:\users\pedro\desktop\engine\day19\cal3d\release\loader.obj
c:\users\pedro\desktop\engine\day19\cal3d\lib\release\cal3d.lib
c:\users\pedro\desktop\engine\day19\cal3d\x64\release\cal3d.tlog\cl.command.1.tlog
c:\users\pedro\desktop\engine\day19\cal3d\x64\release\cal3d.tlog\cl.read.1.tlog
c:\users\pedro\desktop\engine\day19\cal3d\x64\release\cal3d.tlog\cl.write.1.tlog
c:\users\pedro\desktop\engine\day19\cal3d\x64\release\cal3d.tlog\lib-link.read.1.tlog
c:\users\pedro\desktop\engine\day19\cal3d\x64\release\cal3d.tlog\lib-link.write.1.tlog
c:\users\pedro\desktop\engine\day19\cal3d\x64\release\cal3d.tlog\lib.command.1.tlog
