c:\users\pedro\desktop\engine\day19\cal3d\debug\cal3d.pdb
c:\users\pedro\desktop\engine\day19\cal3d\debug\hardwaremodel.obj
c:\users\pedro\desktop\engine\day19\cal3d\debug\global.obj
c:\users\pedro\desktop\engine\day19\cal3d\debug\error.obj
c:\users\pedro\desktop\engine\day19\cal3d\debug\coretrack.obj
c:\users\pedro\desktop\engine\day19\cal3d\debug\coresubmorphtarget.obj
c:\users\pedro\desktop\engine\day19\cal3d\debug\coresubmesh.obj
c:\users\pedro\desktop\engine\day19\cal3d\debug\coreskeleton.obj
c:\users\pedro\desktop\engine\day19\cal3d\debug\coremorphanimation.obj
c:\users\pedro\desktop\engine\day19\cal3d\debug\coremodel.obj
c:\users\pedro\desktop\engine\day19\cal3d\debug\coremesh.obj
c:\users\pedro\desktop\engine\day19\cal3d\debug\corematerial.obj
c:\users\pedro\desktop\engine\day19\cal3d\debug\corekeyframe.obj
c:\users\pedro\desktop\engine\day19\cal3d\debug\corebone.obj
c:\users\pedro\desktop\engine\day19\cal3d\debug\coreanimation.obj
c:\users\pedro\desktop\engine\day19\cal3d\debug\cal3d_wrapper.obj
c:\users\pedro\desktop\engine\day19\cal3d\debug\buffersource.obj
c:\users\pedro\desktop\engine\day19\cal3d\debug\bone.obj
c:\users\pedro\desktop\engine\day19\cal3d\debug\animation_cycle.obj
c:\users\pedro\desktop\engine\day19\cal3d\debug\animation_action.obj
c:\users\pedro\desktop\engine\day19\cal3d\debug\animation.obj
c:\users\pedro\desktop\engine\day19\cal3d\debug\vector.obj
c:\users\pedro\desktop\engine\day19\cal3d\debug\tinyxmlparser.obj
c:\users\pedro\desktop\engine\day19\cal3d\debug\tinyxmlerror.obj
c:\users\pedro\desktop\engine\day19\cal3d\debug\tinyxml.obj
c:\users\pedro\desktop\engine\day19\cal3d\debug\submesh.obj
c:\users\pedro\desktop\engine\day19\cal3d\debug\streamsource.obj
c:\users\pedro\desktop\engine\day19\cal3d\debug\springsystem.obj
c:\users\pedro\desktop\engine\day19\cal3d\debug\skeleton.obj
c:\users\pedro\desktop\engine\day19\cal3d\debug\saver.obj
c:\users\pedro\desktop\engine\day19\cal3d\debug\renderer.obj
c:\users\pedro\desktop\engine\day19\cal3d\debug\quaternion.obj
c:\users\pedro\desktop\engine\day19\cal3d\debug\platform.obj
c:\users\pedro\desktop\engine\day19\cal3d\debug\physique.obj
c:\users\pedro\desktop\engine\day19\cal3d\debug\morphtargetmixer.obj
c:\users\pedro\desktop\engine\day19\cal3d\debug\model.obj
c:\users\pedro\desktop\engine\day19\cal3d\debug\mixer.obj
c:\users\pedro\desktop\engine\day19\cal3d\debug\mesh.obj
c:\users\pedro\desktop\engine\day19\cal3d\debug\matrix.obj
c:\users\pedro\desktop\engine\day19\cal3d\debug\loader.obj
c:\users\pedro\desktop\engine\day19\cal3d\lib\(configuration)\cal3d.lib
c:\users\pedro\desktop\engine\day19\cal3d\x64\debug\cal3d.tlog\cl.command.1.tlog
c:\users\pedro\desktop\engine\day19\cal3d\x64\debug\cal3d.tlog\cl.read.1.tlog
c:\users\pedro\desktop\engine\day19\cal3d\x64\debug\cal3d.tlog\cl.write.1.tlog
c:\users\pedro\desktop\engine\day19\cal3d\x64\debug\cal3d.tlog\lib-link.read.1.tlog
c:\users\pedro\desktop\engine\day19\cal3d\x64\debug\cal3d.tlog\lib-link.write.1.tlog
c:\users\pedro\desktop\engine\day19\cal3d\x64\debug\cal3d.tlog\lib.command.1.tlog
